Payload   : 83, 58, 32, 67, 79, 88, 76, 32, 82, 78, 71, 32, 76, 78, 72, 73, 71, 85, 44, 32, 83, 76, 88, 77, 32, 67, 65, 81, 66, 83, 78, 78, 46
Payload   : 83, 58, 32, 66, 69, 72, 88, 32, 90, 84, 32, 74, 72, 82, 90, 72, 44, 32, 75, 72, 72, 32, 67, 73, 81, 77, 32, 74, 32, 84, 79, 80, 88, 70, 75, 77, 68, 87, 69, 88, 46
Payload   : 82, 58, 32, 84, 79, 83, 71, 46
Payload   : 82, 58, 32, 90, 32, 68, 65, 71, 77, 32, 84, 79, 81, 66, 79, 89, 84, 32, 69, 69, 68, 90, 32, 75, 72, 72, 32, 73, 73, 89, 77, 70, 46
Payload   : 82, 58, 32, 75, 72, 72, 226, 128, 166, 32, 74, 85, 69, 82, 83, 89, 84, 32, 78, 65, 86, 32, 75, 72, 72, 90, 83, 46
Payload   : 83, 58, 32, 75, 72, 72, 32, 74, 85, 69, 82, 83, 89, 84, 63
Payload   : 83, 58, 32, 80, 79, 88, 32, 68, 69, 68, 86, 32, 75, 72, 72, 32, 83, 69, 68, 68, 83, 78, 63
Payload   : 82, 58, 32, 82, 70, 73, 81, 70, 73, 65, 79, 77, 86, 89, 46
Payload   : 82, 58, 32, 75, 72, 72, 32, 70, 78, 72, 32, 78, 73, 87, 80, 32, 75, 72, 72, 32, 84, 72, 68, 81, 66, 79, 65, 82, 46
Payload   : 83, 58, 32, 74, 65, 66, 32, 82, 71, 68, 81, 66, 44, 32, 82, 32, 84, 72, 68, 81, 66, 79, 65, 82, 63
Payload   : 83, 32, 80, 79, 88, 32, 73, 69, 32, 74, 85, 85, 77, 32, 90, 84, 32, 78, 65, 86, 86, 32, 75
Payload   : 83, 58, 32, 75, 65, 76, 84, 45, 68, 79, 88, 86, 72, 65, 68, 32, 86, 81, 88, 81, 68, 73, 69, 73, 88, 63
Payload   : 82, 58, 32, 69, 69, 74, 73, 72, 69, 86, 90, 46, 32, 87, 85, 79, 84, 45, 74, 73, 67, 77, 44
Payload   : 82, 58, 32, 75, 87, 82, 45, 74, 84, 85, 87, 89, 65, 44, 32, 82, 78, 71, 32, 87, 82, 72, 65, 86, 72, 89, 32, 70, 73, 79, 77, 82, 46
Payload   : 83, 58, 32, 74, 87, 72, 77, 72, 32, 68, 79, 87, 80, 83, 78, 32, 70, 70, 32, 68, 65, 83, 84, 83, 226, 128, 166
Payload   : 83, 58, 32, 78, 65, 86, 32, 90, 84, 32, 82, 76, 82, 86, 83, 63
Payload   : 82, 58, 32, 69, 79, 87, 32, 86, 88, 68, 75, 72, 72, 89, 46
Payload   : 82, 58, 32, 90, 84, 32, 78, 65, 86, 32, 73, 73, 71, 81, 66, 67, 32, 75, 72, 85, 77, 83, 32, 70, 84, 87, 77, 70, 79, 44
Payload   : 82, 58, 32, 71, 69, 85, 78, 83, 89, 84, 71, 67, 32, 74, 89, 81, 75, 86, 78, 79, 73, 77, 90, 89, 87, 44
Payload   : 82, 58, 32, 67, 73, 78, 77, 32, 82, 81, 88, 73, 72, 69, 67, 32, 84, 65, 89, 73, 90, 78, 89, 46
Payload   : 83, 58, 32, 75, 72, 68, 66, 32, 74, 46, 46, 46, 32, 76, 78, 81, 73, 72, 81, 82, 86, 80, 46
Payload   : 83, 58, 32, 85, 73, 71, 32, 75, 72, 72, 71, 32, 69, 79, 87, 81, 81, 65, 32, 80, 79, 88, 63
Payload   : 82, 58, 32, 70, 78, 72, 32, 70, 70, 32, 75, 72, 72, 32, 70, 84, 87, 77, 70, 79, 32, 74, 65, 79, 67, 72, 65, 68, 46
Payload   : 82, 58, 32, 75, 72, 72, 32, 83, 69, 68, 68, 83, 78, 32, 73, 69, 89, 68, 83, 90, 46
Payload   : 82, 58, 32, 90, 32, 75, 72, 76, 86, 89, 32, 75, 72, 68, 66, 32, 78, 65, 86, 32, 82, 32, 78, 65, 85, 86, 87, 74, 71, 46
Payload   : 83, 58, 32, 68, 65, 76, 86, 72, 87, 73, 73, 32, 73, 65, 71, 81, 67, 32, 74, 73, 79, 77, 66, 89, 69
Payload   : 83, 32, 90, 70, 32, 71, 79, 86, 65, 87, 88, 76, 90, 46
Payload   : 83, 58, 32, 75, 72, 68, 66, 32, 66, 73, 81, 76, 32, 70, 70, 32, 84, 79, 82, 90, 82, 69, 78, 86, 88, 73, 73, 71, 32, 74, 85, 74, 79, 83, 79, 84, 78, 32, 75, 82, 68, 81, 66, 69, 78, 66, 46
Payload   : 82, 58, 32, 90, 84, 32, 67, 79, 82, 83, 83, 90, 32, 74, 84, 85, 73, 87, 67, 72, 79, 32, 82, 84, 32, 68, 69, 32, 82, 78, 71
Payload   : 82, 58, 32, 78, 72, 76, 65, 68, 65, 82, 90, 72, 44, 32, 39, 75, 73, 80, 74, 83, 78, 32, 69, 69, 89, 77, 70, 32, 87, 79, 85, 79, 83, 80, 83, 46, 39
Payload   : 82, 58, 32, 75, 72, 72, 86, 32, 90, 84, 32, 77, 65, 81, 81, 71, 68, 69, 89, 32, 85, 79, 90, 86, 71, 80, 82, 90, 69, 77, 46
Payload   : 83, 58, 32, 76, 78, 71, 77, 70, 79, 84, 74, 83, 68, 46
Payload   : 83, 58, 32, 75, 72, 76, 65, 32, 74, 84, 68, 71, 71, 32, 84, 76, 68, 65, 71, 69, 70, 68, 73, 68, 46
Payload   : 83, 58, 32, 69, 79, 32, 73, 69, 83, 87, 70, 80, 83, 44, 32, 69, 79, 32, 67, 79, 74, 65, 44, 32, 69, 79, 32, 78, 73, 87, 86, 83, 79, 83, 90, 87, 46
Payload   : 82, 58, 32, 82, 71, 85, 77, 83, 90, 46, 32, 90, 70, 32, 82, 78, 66, 87, 66, 65, 32, 82, 83, 78, 65, 44
Payload   : 82, 58, 32, 78, 69, 32, 78, 69, 85, 77, 32, 68, 79, 81, 81, 72, 75, 82, 68, 82, 71, 32, 78, 65, 87, 77, 70, 32, 72, 85, 68, 84, 87, 80, 89, 46
Payload   : 83, 58, 32, 82, 78, 71, 32, 75, 72, 72, 32, 84, 72, 68, 81, 66, 79, 65, 82, 63
Payload   : 82, 58, 32, 71, 82, 82, 66, 67, 80, 89, 75, 73, 32, 87, 73, 79, 66, 70, 87, 84, 68, 83, 78
Payload   : 82, 58, 32, 85, 69, 89, 81, 81, 65, 46, 32, 75, 72, 68, 66, 32, 74, 32, 75, 72, 72, 32, 74, 84, 82, 90, 77, 46
Payload   : 83, 58, 32, 88, 79, 82, 76, 46, 32, 83, 85, 85, 86, 32, 75, 72, 76, 65
Payload   : 83, 58, 32, 87, 82, 72, 89, 73, 65, 78, 88, 67, 32, 82, 70, 87, 77, 70, 32, 75, 82, 68, 86, 71, 73, 73, 78, 87, 73, 73, 71, 46
Payload   : 82, 58, 32, 82, 76, 85, 77, 79, 90, 89, 32, 85, 79, 81, 77, 46
Payload   : 82, 58, 32, 75, 72, 72, 32, 70, 84, 87, 77, 70, 79, 32, 78, 69, 85, 77, 32, 67, 73, 86, 66, 83, 74, 73, 73, 75, 46
