Payload   : 82, 58, 32, 75, 72, 76, 86, 85, 79, 32, 65, 85, 86, 66, 32, 86, 83, 70, 73, 90, 87, 84, 90, 72, 46
Payload   : 82, 58, 32, 75, 72, 72, 32, 76, 78, 76, 75, 67, 78, 78, 32, 71, 79, 81, 81, 83, 79, 32, 89, 65, 89, 77
Payload   : 82, 58, 32, 85, 69, 70, 84, 79, 78, 69, 89, 32, 70, 80, 72, 86, 32, 78, 65, 85, 32, 70, 78, 32, 75, 72, 72, 32, 88, 79, 89, 77, 70, 74, 77, 90, 82, 84, 46
Payload   : 83, 58, 32, 84, 79, 83, 71, 44, 32, 83, 76, 88, 77, 32, 67, 65, 81, 66, 83, 78, 78, 46
Payload   : 83, 58, 32, 90, 32, 77, 69, 32, 74, 69, 72, 86, 32, 75, 72, 72, 32, 83, 82, 82, 73, 82, 89, 65, 78, 88, 226, 128, 148, 74, 80, 68, 90, 89, 72, 69, 78
Payload   : 83, 58, 32, 82, 78, 71, 32, 76, 76, 87, 81, 65, 87, 84, 80, 81, 83, 46
Payload   : 83, 58, 32, 75, 72, 72, 32, 70, 84, 87, 77, 70, 79, 32, 82, 82, 72, 32, 68, 79, 69, 81, 90, 69, 90, 68, 82, 71, 32, 76, 78, 71, 77, 70, 32, 75, 72, 72, 81, 70, 32, 83, 65, 81, 86, 83, 78, 46
Payload   : 82, 58, 32, 80, 69, 68, 80, 44, 32, 82, 78, 71, 32, 69, 79, 90, 32, 75, 72, 72, 32, 78, 79, 79, 68, 83, 79, 32, 88, 79, 87, 32, 90, 78, 89, 87, 90, 82, 69, 89, 46
Payload   : 82, 58, 32, 71, 85, 81, 83, 32, 82, 78, 68, 90, 81, 68, 73, 78, 88, 83, 44, 32, 67, 69, 68, 66, 86, 65, 82, 32, 65, 65, 70, 83, 83, 80, 83, 44
Payload   : 82, 58, 32, 74, 80, 85, 73, 77, 45, 71, 65, 76, 86, 72, 65, 68, 32, 87, 76, 68, 79, 71, 44, 32, 75, 72, 72, 32, 78, 72, 82, 84, 83, 32, 75, 72, 76, 86, 85, 46
Payload   : 82, 58, 32, 75, 72, 72, 71, 32, 77, 69, 32, 89, 73, 77, 73, 81, 71, 69, 89, 32, 75, 72, 72, 32, 86, 65, 86, 66, 83, 78, 78, 32, 73, 69, 83, 77, 79, 80, 69, 77, 46
Payload   : 83, 58, 32, 90, 32, 90, 78, 87, 77, 70, 89, 69, 75, 88, 69, 88, 32, 75, 72, 72, 81, 70, 32, 84, 72, 68, 86, 72, 32, 70, 78
Payload   : 83, 58, 32, 74, 72, 82, 90, 72, 83, 65, 81, 73, 226, 128, 148, 71, 85, 85, 77, 32, 84, 72, 68, 87, 71, 46
Payload   : 83, 58, 32, 74, 79, 80, 77, 72, 68, 73, 73, 75, 32, 82, 66, 82, 67, 72, 32, 226, 128, 156, 87, 82, 72, 77, 82, 75, 77, 44, 32, 87, 85, 85, 44, 32, 82, 78, 71, 32, 87, 69, 72, 76, 80, 87, 67, 70, 46, 226, 128, 157
Payload   : 82, 58, 32, 75, 72, 72, 32, 71, 79, 81, 81, 83, 79, 32, 82, 82, 72, 32, 75, 82, 66, 81, 66, 67, 32, 75, 79, 32, 65, 65, 80
Payload   : 82, 58, 32, 75, 72, 72, 85, 32, 78, 73, 87, 80, 32, 88, 76, 76, 66, 72, 65, 82, 32, 83, 85, 85, 65, 72, 79, 46
Payload   : 82, 58, 32, 90, 84, 32, 74, 32, 82, 70, 73, 77, 81, 80, 73, 73, 75, 32, 86, 86, 72, 90, 77
Payload   : 82, 58, 32, 87, 82, 72, 89, 73, 65, 78, 88, 67, 32, 87, 82, 82, 85, 32, 55, 32, 68, 72, 67, 32, 75, 79, 32, 84, 79, 80, 88, 90, 65, 84, 90, 32, 69, 79, 81, 65, 83, 74, 83, 90, 46
Payload   : 83, 58, 32, 90, 32, 77, 69, 32, 67, 79, 86, 66, 32, 89, 65, 79, 78, 32, 68, 89, 32, 74, 69, 81, 65, 67, 78, 83, 32, 75, 79, 32, 74, 80, 68, 90, 89, 72, 69
Payload   : 83, 58, 32, 84, 79, 81, 66, 79, 73, 73, 73, 69, 84, 67, 72, 85, 46, 32, 75, 72, 72, 32, 70, 84, 87, 77, 70, 79, 32, 74, 87, 76, 66, 81, 68, 69, 89, 32, 75, 79
Payload   : 83, 58, 32, 82, 77, 83, 80, 87, 88, 73, 74, 89, 83, 32, 88, 85, 72, 90, 70, 69, 76, 71, 69, 32, 75, 65, 70, 66, 87, 89, 83, 226, 128, 148, 75, 72, 72, 71, 32, 73, 69
Payload   : 83, 58, 32, 87, 76, 82, 87, 82, 69, 78, 66, 32, 75, 72, 72, 32, 71, 79, 90, 77, 70, 32, 71, 76, 68, 86, 72, 46
Payload   : 82, 58, 32, 88, 79, 89, 77, 70, 74, 77, 90, 82, 84, 32, 74, 32, 71, 65, 81, 81, 81, 71, 73, 73, 75, 46
Payload   : 82, 58, 32, 75, 72, 72, 71, 32, 82, 83, 78, 77, 82, 32, 76, 83, 32, 75, 79, 32, 69, 69, 74, 87, 72, 69, 65, 79, 73, 46
Payload   : 82, 58, 32, 90, 32, 75, 79, 79, 76, 32, 75, 72, 72, 85, 32, 80, 79, 88, 32, 85, 79, 81, 32, 75
Payload   : 82, 58, 32, 69, 69, 74, 87, 72, 69, 65, 79, 73, 32, 78, 73, 87, 80, 32, 68, 65, 74, 81, 81, 87, 76, 32, 68, 65, 80, 85, 79, 72, 83, 46
Payload   : 83, 58, 32, 78, 73, 86, 77, 46, 32, 75, 72, 72, 32, 78, 79, 79, 68, 83, 79, 32, 83, 82, 82, 73, 82, 89, 65, 78, 88, 69, 88, 32, 82
Payload   : 83, 58, 32, 68, 65, 81, 81, 84, 65, 83, 79, 83, 32, 84, 76, 68, 81, 65, 69, 78, 66, 32, 75, 72, 72, 32, 73, 73, 89, 77, 70, 79
Payload   : 83, 58, 32, 82, 78, 71, 32, 74, 75, 76, 77, 71, 32, 83, 69, 79, 87, 66, 67, 32, 75, 79, 32, 86, 86, 72, 90, 77, 75, 78, 90
Payload   : 83, 58, 32, 78, 73, 87, 80, 32, 82, 78, 32, 82, 84, 87, 81, 72, 81, 68, 90, 32, 71, 82, 82, 74, 90, 65, 77, 46
Payload   : 82, 58, 32, 68, 69, 68, 86, 75, 68, 73, 71, 73, 44, 32, 75, 72, 72, 32, 71, 79, 81, 81, 83, 79, 32, 82, 82, 72, 32, 87, 79, 85, 85, 87, 74, 71
Payload   : 82, 58, 32, 74, 79, 80, 77, 72, 68, 73, 73, 75, 32, 84, 65, 79, 84, 83, 90, 32, 75, 72, 72, 32, 39, 73, 65, 71, 81, 79, 74, 84, 32, 84, 79, 80, 85, 79, 74, 68, 46, 39
Payload   : 82, 58, 32, 75, 72, 72, 71, 32, 73, 69, 32, 75, 82, 68, 81, 66, 69, 78, 66, 32, 71, 73, 74, 77, 67, 74, 83, 32, 82, 83, 32, 90, 78, 87, 77, 70, 89, 69, 75, 88, 79, 76, 76, 46
Payload   : 83, 58, 32, 71, 73, 74, 77, 67, 74, 83, 32, 78, 79, 81, 32, 75, 32, 74, 84, 68, 86, 82, 32, 82, 32, 84, 72, 68, 86, 81, 65, 46
Payload   : 83, 58, 32, 78, 79, 79, 68, 83, 79, 32, 89, 65, 70, 83, 83, 90, 32, 82, 32, 85, 82, 82, 86, 83, 32, 87, 76, 72, 77, 72, 32, 82, 78, 71
Payload   : 83, 58, 32, 73, 69, 83, 84, 79, 89, 69, 89, 32, 75, 72, 72, 32, 74, 73, 85, 77, 66, 79, 32, 78, 73, 87, 80, 32, 88, 85, 76, 66, 79, 78, 32, 74, 79, 79, 87, 71, 46
Payload   : 82, 58, 32, 75, 72, 72, 32, 78, 79, 85, 84, 82, 32, 74, 32, 84, 79, 79, 84, 79, 76, 83, 68, 82, 71, 32, 90, 78, 87, 87, 32, 82, 78, 32, 56, 48, 74, 32, 82, 76, 69, 67, 65, 32, 84, 79, 89, 77, 70, 46
Payload   : 83, 58, 32, 71, 82, 72, 66, 72, 85, 32, 68, 85, 70, 80, 46, 32, 66, 69, 72, 88, 32, 80, 79, 88, 90, 32, 89, 69, 68, 76, 32, 85, 79, 90, 86, 32, 82, 78, 71
Payload   : 83, 58, 32, 80, 79, 88, 90, 32, 75, 82, 68, 86, 71, 73, 73, 79, 88, 69, 76, 32, 84, 76, 72, 73, 66, 46
Payload   : 83, 58, 32, 84, 72, 82, 87, 71, 65, 32, 82, 32, 74, 73, 71, 77, 32, 70, 78, 79, 71, 32, 90, 70, 32, 90, 84, 32, 74, 84, 76, 84, 90
Payload   : 83, 58, 32, 83, 69, 79, 81, 83, 82, 69, 78, 32, 90, 78, 32, 86, 78, 70, 90, 77, 76, 84, 68, 83, 78, 46
Payload   : 82, 58, 32, 84, 79, 83, 71, 32, 75, 72, 68, 66, 46
Payload   : 82, 58, 32, 69, 69, 88, 66, 70, 87, 76, 32, 76, 78, 87, 81, 90, 32, 75, 72, 72, 32, 88, 76, 76, 66, 72, 65, 82, 32, 74, 84, 82, 88, 71, 32, 87, 65, 79, 84, 87, 74, 71, 46
